Reading netlist file: "/home/muddassir/Gowin/IDE/bin/FPGA_Projects/VGA_Display/impl/gwsynthesis/VGA_Display.vg"
Parsing netlist file "/home/muddassir/Gowin/IDE/bin/FPGA_Projects/VGA_Display/impl/gwsynthesis/VGA_Display.vg" completed
Processing netlist completed
Reading constraint file: "/home/muddassir/Gowin/IDE/bin/FPGA_Projects/VGA_Display/src/VGA_Display.cst"
Physical Constraint parsed completed
Running placement......
[10%] Placement Phase 0 completed
[20%] Placement Phase 1 completed
[30%] Placement Phase 2 completed
[50%] Placement Phase 3 completed
Running routing......
[60%] Routing Phase 0 completed
[70%] Routing Phase 1 completed
[80%] Routing Phase 2 completed
[90%] Routing Phase 3 completed
Running timing analysis......
[95%] Timing analysis completed
Placement and routing completed
Bitstream generation in progress......
Bitstream generation completed
Running power analysis......
[100%] Power analysis completed
Generate file "/home/muddassir/Gowin/IDE/bin/FPGA_Projects/VGA_Display/impl/pnr/VGA_Display.power.html" completed
Generate file "/home/muddassir/Gowin/IDE/bin/FPGA_Projects/VGA_Display/impl/pnr/VGA_Display.pin.html" completed
Generate file "/home/muddassir/Gowin/IDE/bin/FPGA_Projects/VGA_Display/impl/pnr/VGA_Display.rpt.html" completed
Generate file "/home/muddassir/Gowin/IDE/bin/FPGA_Projects/VGA_Display/impl/pnr/VGA_Display.rpt.txt" completed
Generate file "/home/muddassir/Gowin/IDE/bin/FPGA_Projects/VGA_Display/impl/pnr/VGA_Display.tr.html" completed
Thu Sep 12 10:41:02 2024

